[14:45:24] [Server thread/INFO]: Starting minecraft server version 1.15.2
[14:45:24] [Server thread/INFO]: Loading properties
[14:45:24] [Server thread/INFO]: This server is running CraftBukkit version git-Spigot-a99063f-be6aaf0 (MC: 1.15.2) (Implementing API version 1.15.2-R0.1-SNAPSHOT)
[14:45:24] [Server thread/INFO]: Debug logging is disabled
[14:45:24] [Server thread/INFO]: Using 4 threads for Netty based IO
[14:45:24] [Server thread/INFO]: Server Ping Player Sample Count: 12
[14:45:25] [Server thread/INFO]: Default game type: SURVIVAL
[14:45:25] [Server thread/INFO]: Generating keypair
[14:45:25] [Server thread/INFO]: Starting Minecraft server on *:25565
[14:45:25] [Server thread/INFO]: Using default channel type
[14:45:26] [Server thread/WARN]: Initializing Legacy Material Support. Unless you have legacy plugins and/or data this is a bug!
[14:45:28] [Server thread/WARN]: Legacy plugin AutoSaveWorld v4.5 does not specify an api-version.
[14:45:28] [Server thread/INFO]: [AutoSaveWorld] Loading AutoSaveWorld v4.5
[14:45:28] [Server thread/INFO]: [AutoSaveWorld] Enabling AutoSaveWorld v4.5
[14:45:28] [Thread-9/INFO]: [AutoSaveWorld] AutoSaveThread Started: Interval is 300 seconds, Warn Times are 0
[14:45:28] [Thread-10/INFO]: [AutoSaveWorld] AutoBackupThread Started: Interval is 21600 seconds, Warn Times are 0
[14:45:28] [Thread-11/INFO]: [AutoSaveWorld] AutoPurgeThread Started: Interval is 86400 seconds, Warn Times are 0
[14:45:28] [Thread-12/INFO]: [AutoSaveWorld] SelfRestartThread started
[14:45:28] [Thread-13/INFO]: [AutoSaveWorld] CrashRestartThread started
[14:45:28] [Server thread/INFO]: [AutoSaveWorld] Version 4.5 is enabled: 7d1f6e91-7e09-48da-8096-44b0ee41bb4c
[14:45:28] [Thread-14/INFO]: [AutoSaveWorld] AutoRestartThread started
[14:45:28] [Server thread/INFO]: Preparing level "world"
[14:45:28] [Server thread/INFO]: Reloading ResourceManager: Default, bukkit
[14:45:28] [Server thread/INFO]: Loaded 6 recipes
[14:45:28] [Server thread/INFO]: -------- World Settings For [world] --------
[14:45:28] [Server thread/INFO]: View Distance: 10
[14:45:28] [Server thread/INFO]: Allow Zombie Pigmen to spawn from portal blocks: true
[14:45:28] [Server thread/INFO]: Item Despawn Rate: 6000
[14:45:28] [Server thread/INFO]: Item Merge Radius: 2.5
[14:45:28] [Server thread/INFO]: Arrow Despawn Rate: 1200 Trident Respawn Rate:1200
[14:45:28] [Server thread/INFO]: Nerfing mobs spawned from spawners: false
[14:45:28] [Server thread/INFO]: Zombie Aggressive Towards Villager: true
[14:45:28] [Server thread/INFO]: Experience Merge Radius: 3.0
[14:45:28] [Server thread/INFO]: Hopper Transfer: 8 Hopper Check: 1 Hopper Amount: 1
[14:45:28] [Server thread/INFO]: Entity Tracking Range: Pl 48 / An 48 / Mo 48 / Mi 32 / Other 64
[14:45:28] [Server thread/INFO]: Mob Spawn Range: 6
[14:45:28] [Server thread/INFO]: Cactus Growth Modifier: 100%
[14:45:28] [Server thread/INFO]: Cane Growth Modifier: 100%
[14:45:28] [Server thread/INFO]: Melon Growth Modifier: 100%
[14:45:28] [Server thread/INFO]: Mushroom Growth Modifier: 100%
[14:45:28] [Server thread/INFO]: Pumpkin Growth Modifier: 100%
[14:45:28] [Server thread/INFO]: Sapling Growth Modifier: 100%
[14:45:28] [Server thread/INFO]: Beetroot Growth Modifier: 100%
[14:45:28] [Server thread/INFO]: Carrot Growth Modifier: 100%
[14:45:28] [Server thread/INFO]: Potato Growth Modifier: 100%
[14:45:28] [Server thread/INFO]: Wheat Growth Modifier: 100%
[14:45:28] [Server thread/INFO]: NetherWart Growth Modifier: 100%
[14:45:28] [Server thread/INFO]: Vine Growth Modifier: 100%
[14:45:28] [Server thread/INFO]: Cocoa Growth Modifier: 100%
[14:45:28] [Server thread/INFO]: Bamboo Growth Modifier: 100%
[14:45:28] [Server thread/INFO]: SweetBerry Growth Modifier: 100%
[14:45:28] [Server thread/INFO]: Kelp Growth Modifier: 100%
[14:45:28] [Server thread/INFO]: Entity Activation Range: An 32 / Mo 32 / Ra 48 / Mi 16 / Tiv true
[14:45:28] [Server thread/INFO]: Max TNT Explosions: 100
[14:45:28] [Server thread/INFO]: Tile Max Tick Time: 50ms Entity max Tick Time: 50ms
[14:45:28] [Server thread/INFO]: Custom Map Seeds:  Village: 10387312 Desert: 14357617 Igloo: 14357618 Jungle: 14357619 Swamp: 14357620 Monument: 10387313 Ocean: 14357621 Shipwreck: 165745295 End City: 10387313 Slime: 987234911
[14:45:28] [Server thread/INFO]: -------- World Settings For [world_nether] --------
[14:45:28] [Server thread/INFO]: View Distance: 10
[14:45:28] [Server thread/INFO]: Allow Zombie Pigmen to spawn from portal blocks: true
[14:45:28] [Server thread/INFO]: Item Despawn Rate: 6000
[14:45:28] [Server thread/INFO]: Item Merge Radius: 2.5
[14:45:28] [Server thread/INFO]: Arrow Despawn Rate: 1200 Trident Respawn Rate:1200
[14:45:28] [Server thread/INFO]: Nerfing mobs spawned from spawners: false
[14:45:28] [Server thread/INFO]: Zombie Aggressive Towards Villager: true
[14:45:28] [Server thread/INFO]: Experience Merge Radius: 3.0
[14:45:28] [Server thread/INFO]: Hopper Transfer: 8 Hopper Check: 1 Hopper Amount: 1
[14:45:28] [Server thread/INFO]: Entity Tracking Range: Pl 48 / An 48 / Mo 48 / Mi 32 / Other 64
[14:45:28] [Server thread/INFO]: Mob Spawn Range: 6
[14:45:28] [Server thread/INFO]: Cactus Growth Modifier: 100%
[14:45:28] [Server thread/INFO]: Cane Growth Modifier: 100%
[14:45:28] [Server thread/INFO]: Melon Growth Modifier: 100%
[14:45:28] [Server thread/INFO]: Mushroom Growth Modifier: 100%
[14:45:28] [Server thread/INFO]: Pumpkin Growth Modifier: 100%
[14:45:28] [Server thread/INFO]: Sapling Growth Modifier: 100%
[14:45:28] [Server thread/INFO]: Beetroot Growth Modifier: 100%
[14:45:28] [Server thread/INFO]: Carrot Growth Modifier: 100%
[14:45:28] [Server thread/INFO]: Potato Growth Modifier: 100%
[14:45:28] [Server thread/INFO]: Wheat Growth Modifier: 100%
[14:45:28] [Server thread/INFO]: NetherWart Growth Modifier: 100%
[14:45:28] [Server thread/INFO]: Vine Growth Modifier: 100%
[14:45:28] [Server thread/INFO]: Cocoa Growth Modifier: 100%
[14:45:28] [Server thread/INFO]: Bamboo Growth Modifier: 100%
[14:45:28] [Server thread/INFO]: SweetBerry Growth Modifier: 100%
[14:45:28] [Server thread/INFO]: Kelp Growth Modifier: 100%
[14:45:28] [Server thread/INFO]: Entity Activation Range: An 32 / Mo 32 / Ra 48 / Mi 16 / Tiv true
[14:45:28] [Server thread/INFO]: Max TNT Explosions: 100
[14:45:28] [Server thread/INFO]: Tile Max Tick Time: 50ms Entity max Tick Time: 50ms
[14:45:28] [Server thread/INFO]: Custom Map Seeds:  Village: 10387312 Desert: 14357617 Igloo: 14357618 Jungle: 14357619 Swamp: 14357620 Monument: 10387313 Ocean: 14357621 Shipwreck: 165745295 End City: 10387313 Slime: 987234911
[14:45:28] [Server thread/INFO]: -------- World Settings For [world_the_end] --------
[14:45:28] [Server thread/INFO]: View Distance: 10
[14:45:28] [Server thread/INFO]: Allow Zombie Pigmen to spawn from portal blocks: true
[14:45:28] [Server thread/INFO]: Item Despawn Rate: 6000
[14:45:28] [Server thread/INFO]: Item Merge Radius: 2.5
[14:45:28] [Server thread/INFO]: Arrow Despawn Rate: 1200 Trident Respawn Rate:1200
[14:45:28] [Server thread/INFO]: Nerfing mobs spawned from spawners: false
[14:45:28] [Server thread/INFO]: Zombie Aggressive Towards Villager: true
[14:45:28] [Server thread/INFO]: Experience Merge Radius: 3.0
[14:45:28] [Server thread/INFO]: Hopper Transfer: 8 Hopper Check: 1 Hopper Amount: 1
[14:45:28] [Server thread/INFO]: Entity Tracking Range: Pl 48 / An 48 / Mo 48 / Mi 32 / Other 64
[14:45:28] [Server thread/INFO]: Mob Spawn Range: 6
[14:45:28] [Server thread/INFO]: Cactus Growth Modifier: 100%
[14:45:28] [Server thread/INFO]: Cane Growth Modifier: 100%
[14:45:28] [Server thread/INFO]: Melon Growth Modifier: 100%
[14:45:28] [Server thread/INFO]: Mushroom Growth Modifier: 100%
[14:45:28] [Server thread/INFO]: Pumpkin Growth Modifier: 100%
[14:45:28] [Server thread/INFO]: Sapling Growth Modifier: 100%
[14:45:28] [Server thread/INFO]: Beetroot Growth Modifier: 100%
[14:45:28] [Server thread/INFO]: Carrot Growth Modifier: 100%
[14:45:28] [Server thread/INFO]: Potato Growth Modifier: 100%
[14:45:28] [Server thread/INFO]: Wheat Growth Modifier: 100%
[14:45:28] [Server thread/INFO]: NetherWart Growth Modifier: 100%
[14:45:28] [Server thread/INFO]: Vine Growth Modifier: 100%
[14:45:28] [Server thread/INFO]: Cocoa Growth Modifier: 100%
[14:45:28] [Server thread/INFO]: Bamboo Growth Modifier: 100%
[14:45:28] [Server thread/INFO]: SweetBerry Growth Modifier: 100%
[14:45:28] [Server thread/INFO]: Kelp Growth Modifier: 100%
[14:45:28] [Server thread/INFO]: Entity Activation Range: An 32 / Mo 32 / Ra 48 / Mi 16 / Tiv true
[14:45:28] [Server thread/INFO]: Max TNT Explosions: 100
[14:45:28] [Server thread/INFO]: Tile Max Tick Time: 50ms Entity max Tick Time: 50ms
[14:45:28] [Server thread/INFO]: Custom Map Seeds:  Village: 10387312 Desert: 14357617 Igloo: 14357618 Jungle: 14357619 Swamp: 14357620 Monument: 10387313 Ocean: 14357621 Shipwreck: 165745295 End City: 10387313 Slime: 987234911
[14:45:29] [Server thread/INFO]: Preparing start region for dimension 'world'/minecraft:overworld
[14:45:30] [Server thread/INFO]: Preparing spawn area: 0%
[14:45:30] [Server thread/INFO]: Preparing spawn area: 0%
[14:45:30] [Server thread/INFO]: Preparing spawn area: 0%
[14:45:31] [Server-Worker-3/INFO]: Preparing spawn area: 0%
[14:45:31] [Server-Worker-7/INFO]: Preparing spawn area: 0%
[14:45:31] [Server thread/INFO]: Time elapsed: 2318 ms
[14:45:31] [Server thread/INFO]: Preparing start region for dimension 'world_nether'/minecraft:the_nether
[14:45:31] [Server thread/INFO]: Preparing spawn area: 0%
[14:45:31] [Server thread/INFO]: Preparing spawn area: 0%
[14:45:32] [Server-Worker-6/INFO]: Preparing spawn area: 83%
[14:45:32] [Server-Worker-7/INFO]: Preparing spawn area: 83%
[14:45:33] [Server-Worker-4/INFO]: Preparing spawn area: 90%
[14:45:33] [Server thread/INFO]: Time elapsed: 2421 ms
[14:45:33] [Server thread/INFO]: Preparing start region for dimension 'world_the_end'/minecraft:the_end
[14:45:33] [Server thread/INFO]: Preparing spawn area: 0%
[14:45:34] [Server-Worker-6/INFO]: Preparing spawn area: 88%
[14:45:34] [Server thread/INFO]: Time elapsed: 644 ms
[14:45:34] [Server thread/INFO]: Server permissions file permissions.yml is empty, ignoring it
[14:45:34] [Server thread/INFO]: Done (6.290s)! For help, type "help"
[14:46:21] [User Authenticator #1/INFO]: UUID of player ezJun is 028fbc3f-0b3f-4394-851b-1be1553f14b5
[14:46:21] [Server thread/INFO]: ezJun[/1.230.109.205:4219] logged in with entity id 117 at ([world]-229.95935791710403, 70.0, -126.46698115122575)
[14:46:26] [User Authenticator #2/INFO]: UUID of player 0NEYE is 49a347e8-a231-43da-bbfd-a523bc35fa7a
[14:46:27] [Server thread/INFO]: 0NEYE[/124.49.6.110:58854] logged in with entity id 198 at ([world]-233.81805593796224, 70.0, -125.02113298143806)
[14:46:43] [Server thread/INFO]: ezJun was slain by 0NEYE
[14:46:45] [User Authenticator #3/INFO]: UUID of player dumbobo_ is 27f1bf6c-a44d-4d08-bc54-293091b6ca85
[14:46:45] [Server thread/INFO]: dumbobo_[/1.235.9.103:56774] logged in with entity id 223 at ([world]-228.67560570577353, 70.0, -124.64102726098716)
[14:46:49] [Server thread/INFO]: Unknown item 'minecraft:gold_apple'
[14:46:49] [Server thread/INFO]: give @a minecraft:gold_apple 1<--[HERE]
[14:46:57] [User Authenticator #4/INFO]: UUID of player _bab0_ is 42b5ff7e-91f6-4b70-8a8a-b85745fc9903
[14:46:57] [Server thread/INFO]: _bab0_[/220.75.220.235:2833] logged in with entity id 232 at ([world]-227.3104909097424, 70.0, -123.98539577063782)
[14:47:53] [Server thread/INFO]: _bab0_ issued server command: /give @a minecraft:golden_apple 2
[14:47:53] [Server thread/INFO]: [_bab0_: Gave 2 [Golden Apple] to 4]
[14:49:21] [Server thread/INFO]: dumbobo_ was shot by Skeleton
[14:50:00] [Server thread/INFO]: _bab0_ lost connection: Disconnected
[14:50:00] [Server thread/ERROR]: Could not pass event PlayerQuitEvent to AutoSaveWorld v4.5
org.bukkit.event.EventException: null
	at org.bukkit.plugin.java.JavaPluginLoader$1.execute(JavaPluginLoader.java:319) ~[spigot-1.15.2.jar:git-Spigot-a99063f-be6aaf0]
	at org.bukkit.plugin.RegisteredListener.callEvent(RegisteredListener.java:70) ~[spigot-1.15.2.jar:git-Spigot-a99063f-be6aaf0]
	at org.bukkit.plugin.SimplePluginManager.fireEvent(SimplePluginManager.java:589) [spigot-1.15.2.jar:git-Spigot-a99063f-be6aaf0]
	at org.bukkit.plugin.SimplePluginManager.callEvent(SimplePluginManager.java:576) [spigot-1.15.2.jar:git-Spigot-a99063f-be6aaf0]
	at net.minecraft.server.v1_15_R1.PlayerList.disconnect(PlayerList.java:387) [spigot-1.15.2.jar:git-Spigot-a99063f-be6aaf0]
	at net.minecraft.server.v1_15_R1.PlayerConnection.a(PlayerConnection.java:1371) [spigot-1.15.2.jar:git-Spigot-a99063f-be6aaf0]
	at net.minecraft.server.v1_15_R1.NetworkManager.handleDisconnection(NetworkManager.java:320) [spigot-1.15.2.jar:git-Spigot-a99063f-be6aaf0]
	at net.minecraft.server.v1_15_R1.ServerConnection.c(ServerConnection.java:153) [spigot-1.15.2.jar:git-Spigot-a99063f-be6aaf0]
	at net.minecraft.server.v1_15_R1.MinecraftServer.b(MinecraftServer.java:1105) [spigot-1.15.2.jar:git-Spigot-a99063f-be6aaf0]
	at net.minecraft.server.v1_15_R1.DedicatedServer.b(DedicatedServer.java:406) [spigot-1.15.2.jar:git-Spigot-a99063f-be6aaf0]
	at net.minecraft.server.v1_15_R1.MinecraftServer.a(MinecraftServer.java:984) [spigot-1.15.2.jar:git-Spigot-a99063f-be6aaf0]
	at net.minecraft.server.v1_15_R1.MinecraftServer.run(MinecraftServer.java:824) [spigot-1.15.2.jar:git-Spigot-a99063f-be6aaf0]
	at java.lang.Thread.run(Unknown Source) [?:1.8.0_261]
Caused by: java.lang.NoSuchMethodError: org.bukkit.Server.getOnlinePlayers()[Lorg/bukkit/entity/Player;
	at autosave.ASWEventListener.onPlayerQuit(ASWEventListener.java:53) ~[?:?]
	at sun.reflect.NativeMethodAccessorImpl.invoke0(Native Method) ~[?:1.8.0_261]
	at sun.reflect.NativeMethodAccessorImpl.invoke(Unknown Source) ~[?:1.8.0_261]
	at sun.reflect.DelegatingMethodAccessorImpl.invoke(Unknown Source) ~[?:1.8.0_261]
	at java.lang.reflect.Method.invoke(Unknown Source) ~[?:1.8.0_261]
	at org.bukkit.plugin.java.JavaPluginLoader$1.execute(JavaPluginLoader.java:315) ~[spigot-1.15.2.jar:git-Spigot-a99063f-be6aaf0]
	... 12 more
[14:50:00] [Server thread/INFO]: _bab0_ left the game
[14:50:28] [Server thread/WARN]: [AutoSaveWorld] Task #3 for AutoSaveWorld v4.5 generated an exception
java.lang.NoSuchMethodError: org.bukkit.Server.getOnlinePlayers()[Lorg/bukkit/entity/Player;
	at autosave.AutoSaveThread.performSave(AutoSaveThread.java:136) ~[?:?]
	at autosave.AutoSaveThread$1.run(AutoSaveThread.java:106) ~[?:?]
	at org.bukkit.craftbukkit.v1_15_R1.scheduler.CraftTask.run(CraftTask.java:81) ~[spigot-1.15.2.jar:git-Spigot-a99063f-be6aaf0]
	at org.bukkit.craftbukkit.v1_15_R1.scheduler.CraftScheduler.mainThreadHeartbeat(CraftScheduler.java:400) [spigot-1.15.2.jar:git-Spigot-a99063f-be6aaf0]
	at net.minecraft.server.v1_15_R1.MinecraftServer.b(MinecraftServer.java:1036) [spigot-1.15.2.jar:git-Spigot-a99063f-be6aaf0]
	at net.minecraft.server.v1_15_R1.DedicatedServer.b(DedicatedServer.java:406) [spigot-1.15.2.jar:git-Spigot-a99063f-be6aaf0]
	at net.minecraft.server.v1_15_R1.MinecraftServer.a(MinecraftServer.java:984) [spigot-1.15.2.jar:git-Spigot-a99063f-be6aaf0]
	at net.minecraft.server.v1_15_R1.MinecraftServer.run(MinecraftServer.java:824) [spigot-1.15.2.jar:git-Spigot-a99063f-be6aaf0]
	at java.lang.Thread.run(Unknown Source) [?:1.8.0_261]
[14:50:39] [Server thread/INFO]: com.mojang.authlib.GameProfile@18b8c76[id=<null>,name=_bab0_,properties={},legacy=false] (/220.75.220.235:3415) lost connection: Disconnected
[14:50:41] [User Authenticator #5/INFO]: UUID of player _bab0_ is 42b5ff7e-91f6-4b70-8a8a-b85745fc9903
[14:50:41] [Server thread/INFO]: _bab0_[/220.75.220.235:3417] logged in with entity id 751 at ([world]-229.5086365221457, 70.0, -120.03016899158689)
[14:50:56] [Server thread/INFO]: _bab0_ issued server command: /gamemode creative _bab0_
[14:50:56] [Server thread/INFO]: [_bab0_: Set own game mode to Creative Mode]
[14:52:30] [Server thread/INFO]: _bab0_ issued server command: /gamemode survival _bab0_
[14:52:30] [Server thread/INFO]: [_bab0_: Set own game mode to Survival Mode]
[14:55:28] [Server thread/WARN]: [AutoSaveWorld] Task #4 for AutoSaveWorld v4.5 generated an exception
java.lang.NoSuchMethodError: org.bukkit.Server.getOnlinePlayers()[Lorg/bukkit/entity/Player;
	at autosave.AutoSaveThread.performSave(AutoSaveThread.java:136) ~[?:?]
	at autosave.AutoSaveThread$1.run(AutoSaveThread.java:106) ~[?:?]
	at org.bukkit.craftbukkit.v1_15_R1.scheduler.CraftTask.run(CraftTask.java:81) ~[spigot-1.15.2.jar:git-Spigot-a99063f-be6aaf0]
	at org.bukkit.craftbukkit.v1_15_R1.scheduler.CraftScheduler.mainThreadHeartbeat(CraftScheduler.java:400) [spigot-1.15.2.jar:git-Spigot-a99063f-be6aaf0]
	at net.minecraft.server.v1_15_R1.MinecraftServer.b(MinecraftServer.java:1036) [spigot-1.15.2.jar:git-Spigot-a99063f-be6aaf0]
	at net.minecraft.server.v1_15_R1.DedicatedServer.b(DedicatedServer.java:406) [spigot-1.15.2.jar:git-Spigot-a99063f-be6aaf0]
	at net.minecraft.server.v1_15_R1.MinecraftServer.a(MinecraftServer.java:984) [spigot-1.15.2.jar:git-Spigot-a99063f-be6aaf0]
	at net.minecraft.server.v1_15_R1.MinecraftServer.run(MinecraftServer.java:824) [spigot-1.15.2.jar:git-Spigot-a99063f-be6aaf0]
	at java.lang.Thread.run(Unknown Source) [?:1.8.0_261]
[14:59:59] [User Authenticator #6/INFO]: UUID of player ezJun is 028fbc3f-0b3f-4394-851b-1be1553f14b5
[14:59:59] [Server thread/INFO]: ezJun lost connection: You logged in from another location
[14:59:59] [Server thread/ERROR]: Could not pass event PlayerQuitEvent to AutoSaveWorld v4.5
org.bukkit.event.EventException: null
	at org.bukkit.plugin.java.JavaPluginLoader$1.execute(JavaPluginLoader.java:319) ~[spigot-1.15.2.jar:git-Spigot-a99063f-be6aaf0]
	at org.bukkit.plugin.RegisteredListener.callEvent(RegisteredListener.java:70) ~[spigot-1.15.2.jar:git-Spigot-a99063f-be6aaf0]
	at org.bukkit.plugin.SimplePluginManager.fireEvent(SimplePluginManager.java:589) [spigot-1.15.2.jar:git-Spigot-a99063f-be6aaf0]
	at org.bukkit.plugin.SimplePluginManager.callEvent(SimplePluginManager.java:576) [spigot-1.15.2.jar:git-Spigot-a99063f-be6aaf0]
	at net.minecraft.server.v1_15_R1.PlayerList.disconnect(PlayerList.java:387) [spigot-1.15.2.jar:git-Spigot-a99063f-be6aaf0]
	at net.minecraft.server.v1_15_R1.PlayerConnection.a(PlayerConnection.java:1371) [spigot-1.15.2.jar:git-Spigot-a99063f-be6aaf0]
	at net.minecraft.server.v1_15_R1.PlayerConnection.disconnect(PlayerConnection.java:268) [spigot-1.15.2.jar:git-Spigot-a99063f-be6aaf0]
	at net.minecraft.server.v1_15_R1.PlayerConnection.disconnect(PlayerConnection.java:239) [spigot-1.15.2.jar:git-Spigot-a99063f-be6aaf0]
	at net.minecraft.server.v1_15_R1.PlayerList.attemptLogin(PlayerList.java:471) [spigot-1.15.2.jar:git-Spigot-a99063f-be6aaf0]
	at net.minecraft.server.v1_15_R1.LoginListener.c(LoginListener.java:134) [spigot-1.15.2.jar:git-Spigot-a99063f-be6aaf0]
	at net.minecraft.server.v1_15_R1.LoginListener.tick(LoginListener.java:53) [spigot-1.15.2.jar:git-Spigot-a99063f-be6aaf0]
	at net.minecraft.server.v1_15_R1.NetworkManager.a(NetworkManager.java:220) [spigot-1.15.2.jar:git-Spigot-a99063f-be6aaf0]
	at net.minecraft.server.v1_15_R1.ServerConnection.c(ServerConnection.java:129) [spigot-1.15.2.jar:git-Spigot-a99063f-be6aaf0]
	at net.minecraft.server.v1_15_R1.MinecraftServer.b(MinecraftServer.java:1105) [spigot-1.15.2.jar:git-Spigot-a99063f-be6aaf0]
	at net.minecraft.server.v1_15_R1.DedicatedServer.b(DedicatedServer.java:406) [spigot-1.15.2.jar:git-Spigot-a99063f-be6aaf0]
	at net.minecraft.server.v1_15_R1.MinecraftServer.a(MinecraftServer.java:984) [spigot-1.15.2.jar:git-Spigot-a99063f-be6aaf0]
	at net.minecraft.server.v1_15_R1.MinecraftServer.run(MinecraftServer.java:824) [spigot-1.15.2.jar:git-Spigot-a99063f-be6aaf0]
	at java.lang.Thread.run(Unknown Source) [?:1.8.0_261]
Caused by: java.lang.NoSuchMethodError: org.bukkit.Server.getOnlinePlayers()[Lorg/bukkit/entity/Player;
	at autosave.ASWEventListener.onPlayerQuit(ASWEventListener.java:53) ~[?:?]
	at sun.reflect.NativeMethodAccessorImpl.invoke0(Native Method) ~[?:1.8.0_261]
	at sun.reflect.NativeMethodAccessorImpl.invoke(Unknown Source) ~[?:1.8.0_261]
	at sun.reflect.DelegatingMethodAccessorImpl.invoke(Unknown Source) ~[?:1.8.0_261]
	at java.lang.reflect.Method.invoke(Unknown Source) ~[?:1.8.0_261]
	at org.bukkit.plugin.java.JavaPluginLoader$1.execute(JavaPluginLoader.java:315) ~[spigot-1.15.2.jar:git-Spigot-a99063f-be6aaf0]
	... 17 more
[14:59:59] [Server thread/INFO]: ezJun left the game
[15:00:00] [Server thread/INFO]: ezJun[/1.230.109.205:4763] logged in with entity id 2457 at ([world]-236.70757917734534, 70.0, -135.34198998774602)
[15:00:28] [Server thread/WARN]: [AutoSaveWorld] Task #5 for AutoSaveWorld v4.5 generated an exception
java.lang.NoSuchMethodError: org.bukkit.Server.getOnlinePlayers()[Lorg/bukkit/entity/Player;
	at autosave.AutoSaveThread.performSave(AutoSaveThread.java:136) ~[?:?]
	at autosave.AutoSaveThread$1.run(AutoSaveThread.java:106) ~[?:?]
	at org.bukkit.craftbukkit.v1_15_R1.scheduler.CraftTask.run(CraftTask.java:81) ~[spigot-1.15.2.jar:git-Spigot-a99063f-be6aaf0]
	at org.bukkit.craftbukkit.v1_15_R1.scheduler.CraftScheduler.mainThreadHeartbeat(CraftScheduler.java:400) [spigot-1.15.2.jar:git-Spigot-a99063f-be6aaf0]
	at net.minecraft.server.v1_15_R1.MinecraftServer.b(MinecraftServer.java:1036) [spigot-1.15.2.jar:git-Spigot-a99063f-be6aaf0]
	at net.minecraft.server.v1_15_R1.DedicatedServer.b(DedicatedServer.java:406) [spigot-1.15.2.jar:git-Spigot-a99063f-be6aaf0]
	at net.minecraft.server.v1_15_R1.MinecraftServer.a(MinecraftServer.java:984) [spigot-1.15.2.jar:git-Spigot-a99063f-be6aaf0]
	at net.minecraft.server.v1_15_R1.MinecraftServer.run(MinecraftServer.java:824) [spigot-1.15.2.jar:git-Spigot-a99063f-be6aaf0]
	at java.lang.Thread.run(Unknown Source) [?:1.8.0_261]
[15:01:08] [Server thread/INFO]: 0NEYE has made the advancement [Isn't It Iron Pick]
[15:05:29] [Server thread/WARN]: [AutoSaveWorld] Task #6 for AutoSaveWorld v4.5 generated an exception
java.lang.NoSuchMethodError: org.bukkit.Server.getOnlinePlayers()[Lorg/bukkit/entity/Player;
	at autosave.AutoSaveThread.performSave(AutoSaveThread.java:136) ~[?:?]
	at autosave.AutoSaveThread$1.run(AutoSaveThread.java:106) ~[?:?]
	at org.bukkit.craftbukkit.v1_15_R1.scheduler.CraftTask.run(CraftTask.java:81) ~[spigot-1.15.2.jar:git-Spigot-a99063f-be6aaf0]
	at org.bukkit.craftbukkit.v1_15_R1.scheduler.CraftScheduler.mainThreadHeartbeat(CraftScheduler.java:400) [spigot-1.15.2.jar:git-Spigot-a99063f-be6aaf0]
	at net.minecraft.server.v1_15_R1.MinecraftServer.b(MinecraftServer.java:1036) [spigot-1.15.2.jar:git-Spigot-a99063f-be6aaf0]
	at net.minecraft.server.v1_15_R1.DedicatedServer.b(DedicatedServer.java:406) [spigot-1.15.2.jar:git-Spigot-a99063f-be6aaf0]
	at net.minecraft.server.v1_15_R1.MinecraftServer.a(MinecraftServer.java:984) [spigot-1.15.2.jar:git-Spigot-a99063f-be6aaf0]
	at net.minecraft.server.v1_15_R1.MinecraftServer.run(MinecraftServer.java:824) [spigot-1.15.2.jar:git-Spigot-a99063f-be6aaf0]
	at java.lang.Thread.run(Unknown Source) [?:1.8.0_261]
[15:08:16] [Server thread/WARN]: dumbobo_ moved wrongly!
[15:10:29] [Server thread/WARN]: [AutoSaveWorld] Task #7 for AutoSaveWorld v4.5 generated an exception
java.lang.NoSuchMethodError: org.bukkit.Server.getOnlinePlayers()[Lorg/bukkit/entity/Player;
	at autosave.AutoSaveThread.performSave(AutoSaveThread.java:136) ~[?:?]
	at autosave.AutoSaveThread$1.run(AutoSaveThread.java:106) ~[?:?]
	at org.bukkit.craftbukkit.v1_15_R1.scheduler.CraftTask.run(CraftTask.java:81) ~[spigot-1.15.2.jar:git-Spigot-a99063f-be6aaf0]
	at org.bukkit.craftbukkit.v1_15_R1.scheduler.CraftScheduler.mainThreadHeartbeat(CraftScheduler.java:400) [spigot-1.15.2.jar:git-Spigot-a99063f-be6aaf0]
	at net.minecraft.server.v1_15_R1.MinecraftServer.b(MinecraftServer.java:1036) [spigot-1.15.2.jar:git-Spigot-a99063f-be6aaf0]
	at net.minecraft.server.v1_15_R1.DedicatedServer.b(DedicatedServer.java:406) [spigot-1.15.2.jar:git-Spigot-a99063f-be6aaf0]
	at net.minecraft.server.v1_15_R1.MinecraftServer.a(MinecraftServer.java:984) [spigot-1.15.2.jar:git-Spigot-a99063f-be6aaf0]
	at net.minecraft.server.v1_15_R1.MinecraftServer.run(MinecraftServer.java:824) [spigot-1.15.2.jar:git-Spigot-a99063f-be6aaf0]
	at java.lang.Thread.run(Unknown Source) [?:1.8.0_261]
[15:15:29] [Server thread/WARN]: [AutoSaveWorld] Task #8 for AutoSaveWorld v4.5 generated an exception
java.lang.NoSuchMethodError: org.bukkit.Server.getOnlinePlayers()[Lorg/bukkit/entity/Player;
	at autosave.AutoSaveThread.performSave(AutoSaveThread.java:136) ~[?:?]
	at autosave.AutoSaveThread$1.run(AutoSaveThread.java:106) ~[?:?]
	at org.bukkit.craftbukkit.v1_15_R1.scheduler.CraftTask.run(CraftTask.java:81) ~[spigot-1.15.2.jar:git-Spigot-a99063f-be6aaf0]
	at org.bukkit.craftbukkit.v1_15_R1.scheduler.CraftScheduler.mainThreadHeartbeat(CraftScheduler.java:400) [spigot-1.15.2.jar:git-Spigot-a99063f-be6aaf0]
	at net.minecraft.server.v1_15_R1.MinecraftServer.b(MinecraftServer.java:1036) [spigot-1.15.2.jar:git-Spigot-a99063f-be6aaf0]
	at net.minecraft.server.v1_15_R1.DedicatedServer.b(DedicatedServer.java:406) [spigot-1.15.2.jar:git-Spigot-a99063f-be6aaf0]
	at net.minecraft.server.v1_15_R1.MinecraftServer.a(MinecraftServer.java:984) [spigot-1.15.2.jar:git-Spigot-a99063f-be6aaf0]
	at net.minecraft.server.v1_15_R1.MinecraftServer.run(MinecraftServer.java:824) [spigot-1.15.2.jar:git-Spigot-a99063f-be6aaf0]
	at java.lang.Thread.run(Unknown Source) [?:1.8.0_261]
[15:18:29] [Server thread/WARN]: dumbobo_ moved wrongly!
[15:20:30] [Server thread/WARN]: [AutoSaveWorld] Task #9 for AutoSaveWorld v4.5 generated an exception
java.lang.NoSuchMethodError: org.bukkit.Server.getOnlinePlayers()[Lorg/bukkit/entity/Player;
	at autosave.AutoSaveThread.performSave(AutoSaveThread.java:136) ~[?:?]
	at autosave.AutoSaveThread$1.run(AutoSaveThread.java:106) ~[?:?]
	at org.bukkit.craftbukkit.v1_15_R1.scheduler.CraftTask.run(CraftTask.java:81) ~[spigot-1.15.2.jar:git-Spigot-a99063f-be6aaf0]
	at org.bukkit.craftbukkit.v1_15_R1.scheduler.CraftScheduler.mainThreadHeartbeat(CraftScheduler.java:400) [spigot-1.15.2.jar:git-Spigot-a99063f-be6aaf0]
	at net.minecraft.server.v1_15_R1.MinecraftServer.b(MinecraftServer.java:1036) [spigot-1.15.2.jar:git-Spigot-a99063f-be6aaf0]
	at net.minecraft.server.v1_15_R1.DedicatedServer.b(DedicatedServer.java:406) [spigot-1.15.2.jar:git-Spigot-a99063f-be6aaf0]
	at net.minecraft.server.v1_15_R1.MinecraftServer.a(MinecraftServer.java:984) [spigot-1.15.2.jar:git-Spigot-a99063f-be6aaf0]
	at net.minecraft.server.v1_15_R1.MinecraftServer.run(MinecraftServer.java:824) [spigot-1.15.2.jar:git-Spigot-a99063f-be6aaf0]
	at java.lang.Thread.run(Unknown Source) [?:1.8.0_261]
[15:25:30] [Server thread/WARN]: [AutoSaveWorld] Task #10 for AutoSaveWorld v4.5 generated an exception
java.lang.NoSuchMethodError: org.bukkit.Server.getOnlinePlayers()[Lorg/bukkit/entity/Player;
	at autosave.AutoSaveThread.performSave(AutoSaveThread.java:136) ~[?:?]
	at autosave.AutoSaveThread$1.run(AutoSaveThread.java:106) ~[?:?]
	at org.bukkit.craftbukkit.v1_15_R1.scheduler.CraftTask.run(CraftTask.java:81) ~[spigot-1.15.2.jar:git-Spigot-a99063f-be6aaf0]
	at org.bukkit.craftbukkit.v1_15_R1.scheduler.CraftScheduler.mainThreadHeartbeat(CraftScheduler.java:400) [spigot-1.15.2.jar:git-Spigot-a99063f-be6aaf0]
	at net.minecraft.server.v1_15_R1.MinecraftServer.b(MinecraftServer.java:1036) [spigot-1.15.2.jar:git-Spigot-a99063f-be6aaf0]
	at net.minecraft.server.v1_15_R1.DedicatedServer.b(DedicatedServer.java:406) [spigot-1.15.2.jar:git-Spigot-a99063f-be6aaf0]
	at net.minecraft.server.v1_15_R1.MinecraftServer.a(MinecraftServer.java:984) [spigot-1.15.2.jar:git-Spigot-a99063f-be6aaf0]
	at net.minecraft.server.v1_15_R1.MinecraftServer.run(MinecraftServer.java:824) [spigot-1.15.2.jar:git-Spigot-a99063f-be6aaf0]
	at java.lang.Thread.run(Unknown Source) [?:1.8.0_261]
[15:28:16] [Server thread/INFO]: 0NEYE lost connection: Disconnected
[15:28:16] [Server thread/ERROR]: Could not pass event PlayerQuitEvent to AutoSaveWorld v4.5
org.bukkit.event.EventException: null
	at org.bukkit.plugin.java.JavaPluginLoader$1.execute(JavaPluginLoader.java:319) ~[spigot-1.15.2.jar:git-Spigot-a99063f-be6aaf0]
	at org.bukkit.plugin.RegisteredListener.callEvent(RegisteredListener.java:70) ~[spigot-1.15.2.jar:git-Spigot-a99063f-be6aaf0]
	at org.bukkit.plugin.SimplePluginManager.fireEvent(SimplePluginManager.java:589) [spigot-1.15.2.jar:git-Spigot-a99063f-be6aaf0]
	at org.bukkit.plugin.SimplePluginManager.callEvent(SimplePluginManager.java:576) [spigot-1.15.2.jar:git-Spigot-a99063f-be6aaf0]
	at net.minecraft.server.v1_15_R1.PlayerList.disconnect(PlayerList.java:387) [spigot-1.15.2.jar:git-Spigot-a99063f-be6aaf0]
	at net.minecraft.server.v1_15_R1.PlayerConnection.a(PlayerConnection.java:1371) [spigot-1.15.2.jar:git-Spigot-a99063f-be6aaf0]
	at net.minecraft.server.v1_15_R1.NetworkManager.handleDisconnection(NetworkManager.java:320) [spigot-1.15.2.jar:git-Spigot-a99063f-be6aaf0]
	at net.minecraft.server.v1_15_R1.ServerConnection.c(ServerConnection.java:153) [spigot-1.15.2.jar:git-Spigot-a99063f-be6aaf0]
	at net.minecraft.server.v1_15_R1.MinecraftServer.b(MinecraftServer.java:1105) [spigot-1.15.2.jar:git-Spigot-a99063f-be6aaf0]
	at net.minecraft.server.v1_15_R1.DedicatedServer.b(DedicatedServer.java:406) [spigot-1.15.2.jar:git-Spigot-a99063f-be6aaf0]
	at net.minecraft.server.v1_15_R1.MinecraftServer.a(MinecraftServer.java:984) [spigot-1.15.2.jar:git-Spigot-a99063f-be6aaf0]
	at net.minecraft.server.v1_15_R1.MinecraftServer.run(MinecraftServer.java:824) [spigot-1.15.2.jar:git-Spigot-a99063f-be6aaf0]
	at java.lang.Thread.run(Unknown Source) [?:1.8.0_261]
Caused by: java.lang.NoSuchMethodError: org.bukkit.Server.getOnlinePlayers()[Lorg/bukkit/entity/Player;
	at autosave.ASWEventListener.onPlayerQuit(ASWEventListener.java:53) ~[?:?]
	at sun.reflect.NativeMethodAccessorImpl.invoke0(Native Method) ~[?:1.8.0_261]
	at sun.reflect.NativeMethodAccessorImpl.invoke(Unknown Source) ~[?:1.8.0_261]
	at sun.reflect.DelegatingMethodAccessorImpl.invoke(Unknown Source) ~[?:1.8.0_261]
	at java.lang.reflect.Method.invoke(Unknown Source) ~[?:1.8.0_261]
	at org.bukkit.plugin.java.JavaPluginLoader$1.execute(JavaPluginLoader.java:315) ~[spigot-1.15.2.jar:git-Spigot-a99063f-be6aaf0]
	... 12 more
[15:28:16] [Server thread/INFO]: 0NEYE left the game
[15:28:55] [User Authenticator #7/INFO]: UUID of player 0NEYE is 49a347e8-a231-43da-bbfd-a523bc35fa7a
[15:28:55] [Server thread/INFO]: 0NEYE[/124.49.6.110:59086] logged in with entity id 7700 at ([world]-248.699999988079, 67.0, -133.30000001192096)
[15:29:30] [Server thread/INFO]: 0NEYE fell from a high place
[15:29:40] [Server thread/INFO]: 0NEYE fell from a high place
[15:29:44] [Server thread/INFO]: ezJun lost connection: Disconnected
[15:29:44] [Server thread/ERROR]: Could not pass event PlayerQuitEvent to AutoSaveWorld v4.5
org.bukkit.event.EventException: null
	at org.bukkit.plugin.java.JavaPluginLoader$1.execute(JavaPluginLoader.java:319) ~[spigot-1.15.2.jar:git-Spigot-a99063f-be6aaf0]
	at org.bukkit.plugin.RegisteredListener.callEvent(RegisteredListener.java:70) ~[spigot-1.15.2.jar:git-Spigot-a99063f-be6aaf0]
	at org.bukkit.plugin.SimplePluginManager.fireEvent(SimplePluginManager.java:589) [spigot-1.15.2.jar:git-Spigot-a99063f-be6aaf0]
	at org.bukkit.plugin.SimplePluginManager.callEvent(SimplePluginManager.java:576) [spigot-1.15.2.jar:git-Spigot-a99063f-be6aaf0]
	at net.minecraft.server.v1_15_R1.PlayerList.disconnect(PlayerList.java:387) [spigot-1.15.2.jar:git-Spigot-a99063f-be6aaf0]
	at net.minecraft.server.v1_15_R1.PlayerConnection.a(PlayerConnection.java:1371) [spigot-1.15.2.jar:git-Spigot-a99063f-be6aaf0]
	at net.minecraft.server.v1_15_R1.NetworkManager.handleDisconnection(NetworkManager.java:320) [spigot-1.15.2.jar:git-Spigot-a99063f-be6aaf0]
	at net.minecraft.server.v1_15_R1.ServerConnection.c(ServerConnection.java:153) [spigot-1.15.2.jar:git-Spigot-a99063f-be6aaf0]
	at net.minecraft.server.v1_15_R1.MinecraftServer.b(MinecraftServer.java:1105) [spigot-1.15.2.jar:git-Spigot-a99063f-be6aaf0]
	at net.minecraft.server.v1_15_R1.DedicatedServer.b(DedicatedServer.java:406) [spigot-1.15.2.jar:git-Spigot-a99063f-be6aaf0]
	at net.minecraft.server.v1_15_R1.MinecraftServer.a(MinecraftServer.java:984) [spigot-1.15.2.jar:git-Spigot-a99063f-be6aaf0]
	at net.minecraft.server.v1_15_R1.MinecraftServer.run(MinecraftServer.java:824) [spigot-1.15.2.jar:git-Spigot-a99063f-be6aaf0]
	at java.lang.Thread.run(Unknown Source) [?:1.8.0_261]
Caused by: java.lang.NoSuchMethodError: org.bukkit.Server.getOnlinePlayers()[Lorg/bukkit/entity/Player;
	at autosave.ASWEventListener.onPlayerQuit(ASWEventListener.java:53) ~[?:?]
	at sun.reflect.NativeMethodAccessorImpl.invoke0(Native Method) ~[?:1.8.0_261]
	at sun.reflect.NativeMethodAccessorImpl.invoke(Unknown Source) ~[?:1.8.0_261]
	at sun.reflect.DelegatingMethodAccessorImpl.invoke(Unknown Source) ~[?:1.8.0_261]
	at java.lang.reflect.Method.invoke(Unknown Source) ~[?:1.8.0_261]
	at org.bukkit.plugin.java.JavaPluginLoader$1.execute(JavaPluginLoader.java:315) ~[spigot-1.15.2.jar:git-Spigot-a99063f-be6aaf0]
	... 12 more
[15:29:44] [Server thread/INFO]: ezJun left the game
[15:29:45] [Server thread/INFO]: dumbobo_ lost connection: Disconnected
[15:29:45] [Server thread/ERROR]: Could not pass event PlayerQuitEvent to AutoSaveWorld v4.5
org.bukkit.event.EventException: null
	at org.bukkit.plugin.java.JavaPluginLoader$1.execute(JavaPluginLoader.java:319) ~[spigot-1.15.2.jar:git-Spigot-a99063f-be6aaf0]
	at org.bukkit.plugin.RegisteredListener.callEvent(RegisteredListener.java:70) ~[spigot-1.15.2.jar:git-Spigot-a99063f-be6aaf0]
	at org.bukkit.plugin.SimplePluginManager.fireEvent(SimplePluginManager.java:589) [spigot-1.15.2.jar:git-Spigot-a99063f-be6aaf0]
	at org.bukkit.plugin.SimplePluginManager.callEvent(SimplePluginManager.java:576) [spigot-1.15.2.jar:git-Spigot-a99063f-be6aaf0]
	at net.minecraft.server.v1_15_R1.PlayerList.disconnect(PlayerList.java:387) [spigot-1.15.2.jar:git-Spigot-a99063f-be6aaf0]
	at net.minecraft.server.v1_15_R1.PlayerConnection.a(PlayerConnection.java:1371) [spigot-1.15.2.jar:git-Spigot-a99063f-be6aaf0]
	at net.minecraft.server.v1_15_R1.NetworkManager.handleDisconnection(NetworkManager.java:320) [spigot-1.15.2.jar:git-Spigot-a99063f-be6aaf0]
	at net.minecraft.server.v1_15_R1.ServerConnection.c(ServerConnection.java:153) [spigot-1.15.2.jar:git-Spigot-a99063f-be6aaf0]
	at net.minecraft.server.v1_15_R1.MinecraftServer.b(MinecraftServer.java:1105) [spigot-1.15.2.jar:git-Spigot-a99063f-be6aaf0]
	at net.minecraft.server.v1_15_R1.DedicatedServer.b(DedicatedServer.java:406) [spigot-1.15.2.jar:git-Spigot-a99063f-be6aaf0]
	at net.minecraft.server.v1_15_R1.MinecraftServer.a(MinecraftServer.java:984) [spigot-1.15.2.jar:git-Spigot-a99063f-be6aaf0]
	at net.minecraft.server.v1_15_R1.MinecraftServer.run(MinecraftServer.java:824) [spigot-1.15.2.jar:git-Spigot-a99063f-be6aaf0]
	at java.lang.Thread.run(Unknown Source) [?:1.8.0_261]
Caused by: java.lang.NoSuchMethodError: org.bukkit.Server.getOnlinePlayers()[Lorg/bukkit/entity/Player;
	at autosave.ASWEventListener.onPlayerQuit(ASWEventListener.java:53) ~[?:?]
	at sun.reflect.NativeMethodAccessorImpl.invoke0(Native Method) ~[?:1.8.0_261]
	at sun.reflect.NativeMethodAccessorImpl.invoke(Unknown Source) ~[?:1.8.0_261]
	at sun.reflect.DelegatingMethodAccessorImpl.invoke(Unknown Source) ~[?:1.8.0_261]
	at java.lang.reflect.Method.invoke(Unknown Source) ~[?:1.8.0_261]
	at org.bukkit.plugin.java.JavaPluginLoader$1.execute(JavaPluginLoader.java:315) ~[spigot-1.15.2.jar:git-Spigot-a99063f-be6aaf0]
	... 12 more
[15:29:45] [Server thread/INFO]: dumbobo_ left the game
[15:29:46] [Server thread/INFO]: 0NEYE fell from a high place
[15:29:57] [User Authenticator #8/INFO]: UUID of player dumbobo_ is 27f1bf6c-a44d-4d08-bc54-293091b6ca85
[15:29:57] [Server thread/INFO]: dumbobo_[/1.235.9.103:59613] logged in with entity id 7967 at ([world]-295.08574440831535, 63.0, -202.56389254568728)
[15:30:01] [Server thread/INFO]: dumbobo_ lost connection: Disconnected
[15:30:01] [Server thread/ERROR]: Could not pass event PlayerQuitEvent to AutoSaveWorld v4.5
org.bukkit.event.EventException: null
	at org.bukkit.plugin.java.JavaPluginLoader$1.execute(JavaPluginLoader.java:319) ~[spigot-1.15.2.jar:git-Spigot-a99063f-be6aaf0]
	at org.bukkit.plugin.RegisteredListener.callEvent(RegisteredListener.java:70) ~[spigot-1.15.2.jar:git-Spigot-a99063f-be6aaf0]
	at org.bukkit.plugin.SimplePluginManager.fireEvent(SimplePluginManager.java:589) [spigot-1.15.2.jar:git-Spigot-a99063f-be6aaf0]
	at org.bukkit.plugin.SimplePluginManager.callEvent(SimplePluginManager.java:576) [spigot-1.15.2.jar:git-Spigot-a99063f-be6aaf0]
	at net.minecraft.server.v1_15_R1.PlayerList.disconnect(PlayerList.java:387) [spigot-1.15.2.jar:git-Spigot-a99063f-be6aaf0]
	at net.minecraft.server.v1_15_R1.PlayerConnection.a(PlayerConnection.java:1371) [spigot-1.15.2.jar:git-Spigot-a99063f-be6aaf0]
	at net.minecraft.server.v1_15_R1.NetworkManager.handleDisconnection(NetworkManager.java:320) [spigot-1.15.2.jar:git-Spigot-a99063f-be6aaf0]
	at net.minecraft.server.v1_15_R1.ServerConnection.c(ServerConnection.java:153) [spigot-1.15.2.jar:git-Spigot-a99063f-be6aaf0]
	at net.minecraft.server.v1_15_R1.MinecraftServer.b(MinecraftServer.java:1105) [spigot-1.15.2.jar:git-Spigot-a99063f-be6aaf0]
	at net.minecraft.server.v1_15_R1.DedicatedServer.b(DedicatedServer.java:406) [spigot-1.15.2.jar:git-Spigot-a99063f-be6aaf0]
	at net.minecraft.server.v1_15_R1.MinecraftServer.a(MinecraftServer.java:984) [spigot-1.15.2.jar:git-Spigot-a99063f-be6aaf0]
	at net.minecraft.server.v1_15_R1.MinecraftServer.run(MinecraftServer.java:824) [spigot-1.15.2.jar:git-Spigot-a99063f-be6aaf0]
	at java.lang.Thread.run(Unknown Source) [?:1.8.0_261]
Caused by: java.lang.NoSuchMethodError: org.bukkit.Server.getOnlinePlayers()[Lorg/bukkit/entity/Player;
	at autosave.ASWEventListener.onPlayerQuit(ASWEventListener.java:53) ~[?:?]
	at sun.reflect.NativeMethodAccessorImpl.invoke0(Native Method) ~[?:1.8.0_261]
	at sun.reflect.NativeMethodAccessorImpl.invoke(Unknown Source) ~[?:1.8.0_261]
	at sun.reflect.DelegatingMethodAccessorImpl.invoke(Unknown Source) ~[?:1.8.0_261]
	at java.lang.reflect.Method.invoke(Unknown Source) ~[?:1.8.0_261]
	at org.bukkit.plugin.java.JavaPluginLoader$1.execute(JavaPluginLoader.java:315) ~[spigot-1.15.2.jar:git-Spigot-a99063f-be6aaf0]
	... 12 more
[15:30:01] [Server thread/INFO]: dumbobo_ left the game
[15:30:29] [Server thread/INFO]: _bab0_ lost connection: Disconnected
[15:30:29] [Server thread/ERROR]: Could not pass event PlayerQuitEvent to AutoSaveWorld v4.5
org.bukkit.event.EventException: null
	at org.bukkit.plugin.java.JavaPluginLoader$1.execute(JavaPluginLoader.java:319) ~[spigot-1.15.2.jar:git-Spigot-a99063f-be6aaf0]
	at org.bukkit.plugin.RegisteredListener.callEvent(RegisteredListener.java:70) ~[spigot-1.15.2.jar:git-Spigot-a99063f-be6aaf0]
	at org.bukkit.plugin.SimplePluginManager.fireEvent(SimplePluginManager.java:589) [spigot-1.15.2.jar:git-Spigot-a99063f-be6aaf0]
	at org.bukkit.plugin.SimplePluginManager.callEvent(SimplePluginManager.java:576) [spigot-1.15.2.jar:git-Spigot-a99063f-be6aaf0]
	at net.minecraft.server.v1_15_R1.PlayerList.disconnect(PlayerList.java:387) [spigot-1.15.2.jar:git-Spigot-a99063f-be6aaf0]
	at net.minecraft.server.v1_15_R1.PlayerConnection.a(PlayerConnection.java:1371) [spigot-1.15.2.jar:git-Spigot-a99063f-be6aaf0]
	at net.minecraft.server.v1_15_R1.NetworkManager.handleDisconnection(NetworkManager.java:320) [spigot-1.15.2.jar:git-Spigot-a99063f-be6aaf0]
	at net.minecraft.server.v1_15_R1.ServerConnection.c(ServerConnection.java:153) [spigot-1.15.2.jar:git-Spigot-a99063f-be6aaf0]
	at net.minecraft.server.v1_15_R1.MinecraftServer.b(MinecraftServer.java:1105) [spigot-1.15.2.jar:git-Spigot-a99063f-be6aaf0]
	at net.minecraft.server.v1_15_R1.DedicatedServer.b(DedicatedServer.java:406) [spigot-1.15.2.jar:git-Spigot-a99063f-be6aaf0]
	at net.minecraft.server.v1_15_R1.MinecraftServer.a(MinecraftServer.java:984) [spigot-1.15.2.jar:git-Spigot-a99063f-be6aaf0]
	at net.minecraft.server.v1_15_R1.MinecraftServer.run(MinecraftServer.java:824) [spigot-1.15.2.jar:git-Spigot-a99063f-be6aaf0]
	at java.lang.Thread.run(Unknown Source) [?:1.8.0_261]
Caused by: java.lang.NoSuchMethodError: org.bukkit.Server.getOnlinePlayers()[Lorg/bukkit/entity/Player;
	at autosave.ASWEventListener.onPlayerQuit(ASWEventListener.java:53) ~[?:?]
	at sun.reflect.NativeMethodAccessorImpl.invoke0(Native Method) ~[?:1.8.0_261]
	at sun.reflect.NativeMethodAccessorImpl.invoke(Unknown Source) ~[?:1.8.0_261]
	at sun.reflect.DelegatingMethodAccessorImpl.invoke(Unknown Source) ~[?:1.8.0_261]
	at java.lang.reflect.Method.invoke(Unknown Source) ~[?:1.8.0_261]
	at org.bukkit.plugin.java.JavaPluginLoader$1.execute(JavaPluginLoader.java:315) ~[spigot-1.15.2.jar:git-Spigot-a99063f-be6aaf0]
	... 12 more
[15:30:29] [Server thread/INFO]: _bab0_ left the game
[15:30:30] [Server thread/WARN]: [AutoSaveWorld] Task #11 for AutoSaveWorld v4.5 generated an exception
java.lang.NoSuchMethodError: org.bukkit.Server.getOnlinePlayers()[Lorg/bukkit/entity/Player;
	at autosave.AutoSaveThread.performSave(AutoSaveThread.java:136) ~[?:?]
	at autosave.AutoSaveThread$1.run(AutoSaveThread.java:106) ~[?:?]
	at org.bukkit.craftbukkit.v1_15_R1.scheduler.CraftTask.run(CraftTask.java:81) ~[spigot-1.15.2.jar:git-Spigot-a99063f-be6aaf0]
	at org.bukkit.craftbukkit.v1_15_R1.scheduler.CraftScheduler.mainThreadHeartbeat(CraftScheduler.java:400) [spigot-1.15.2.jar:git-Spigot-a99063f-be6aaf0]
	at net.minecraft.server.v1_15_R1.MinecraftServer.b(MinecraftServer.java:1036) [spigot-1.15.2.jar:git-Spigot-a99063f-be6aaf0]
	at net.minecraft.server.v1_15_R1.DedicatedServer.b(DedicatedServer.java:406) [spigot-1.15.2.jar:git-Spigot-a99063f-be6aaf0]
	at net.minecraft.server.v1_15_R1.MinecraftServer.a(MinecraftServer.java:984) [spigot-1.15.2.jar:git-Spigot-a99063f-be6aaf0]
	at net.minecraft.server.v1_15_R1.MinecraftServer.run(MinecraftServer.java:824) [spigot-1.15.2.jar:git-Spigot-a99063f-be6aaf0]
	at java.lang.Thread.run(Unknown Source) [?:1.8.0_261]
[15:30:36] [User Authenticator #9/INFO]: UUID of player ezJun is 028fbc3f-0b3f-4394-851b-1be1553f14b5
[15:30:36] [Server thread/INFO]: ezJun[/1.230.109.205:5627] logged in with entity id 8026 at ([world]-287.8205845755134, 68.0, -198.83267318708926)
[15:30:39] [User Authenticator #10/INFO]: UUID of player dumbobo_ is 27f1bf6c-a44d-4d08-bc54-293091b6ca85
[15:30:39] [Server thread/INFO]: dumbobo_[/1.235.9.103:59751] logged in with entity id 8080 at ([world]-290.0744434444786, 64.0, -198.880436309896)
[15:30:57] [Server thread/INFO]: com.mojang.authlib.GameProfile@1a8d4f3[id=<null>,name=_bab0_,properties={},legacy=false] (/220.75.220.235:4158) lost connection: Disconnected
[15:30:59] [User Authenticator #11/INFO]: UUID of player _bab0_ is 42b5ff7e-91f6-4b70-8a8a-b85745fc9903
[15:30:59] [Server thread/INFO]: _bab0_[/220.75.220.235:4164] logged in with entity id 8105 at ([world]-231.93112076106803, 67.0, -103.89962892328779)
[15:32:18] [Server thread/INFO]: _bab0_ issued server command: /gamemode creative _bab0_
[15:32:18] [Server thread/INFO]: [_bab0_: Set own game mode to Creative Mode]
[15:32:45] [Server thread/INFO]: _bab0_ issued server command: /gamemode survival _bab0_
[15:32:45] [Server thread/INFO]: [_bab0_: Set own game mode to Survival Mode]
[15:35:30] [Server thread/WARN]: [AutoSaveWorld] Task #12 for AutoSaveWorld v4.5 generated an exception
java.lang.NoSuchMethodError: org.bukkit.Server.getOnlinePlayers()[Lorg/bukkit/entity/Player;
	at autosave.AutoSaveThread.performSave(AutoSaveThread.java:136) ~[?:?]
	at autosave.AutoSaveThread$1.run(AutoSaveThread.java:106) ~[?:?]
	at org.bukkit.craftbukkit.v1_15_R1.scheduler.CraftTask.run(CraftTask.java:81) ~[spigot-1.15.2.jar:git-Spigot-a99063f-be6aaf0]
	at org.bukkit.craftbukkit.v1_15_R1.scheduler.CraftScheduler.mainThreadHeartbeat(CraftScheduler.java:400) [spigot-1.15.2.jar:git-Spigot-a99063f-be6aaf0]
	at net.minecraft.server.v1_15_R1.MinecraftServer.b(MinecraftServer.java:1036) [spigot-1.15.2.jar:git-Spigot-a99063f-be6aaf0]
	at net.minecraft.server.v1_15_R1.DedicatedServer.b(DedicatedServer.java:406) [spigot-1.15.2.jar:git-Spigot-a99063f-be6aaf0]
	at net.minecraft.server.v1_15_R1.MinecraftServer.a(MinecraftServer.java:984) [spigot-1.15.2.jar:git-Spigot-a99063f-be6aaf0]
	at net.minecraft.server.v1_15_R1.MinecraftServer.run(MinecraftServer.java:824) [spigot-1.15.2.jar:git-Spigot-a99063f-be6aaf0]
	at java.lang.Thread.run(Unknown Source) [?:1.8.0_261]
[15:40:31] [Server thread/WARN]: [AutoSaveWorld] Task #13 for AutoSaveWorld v4.5 generated an exception
java.lang.NoSuchMethodError: org.bukkit.Server.getOnlinePlayers()[Lorg/bukkit/entity/Player;
	at autosave.AutoSaveThread.performSave(AutoSaveThread.java:136) ~[?:?]
	at autosave.AutoSaveThread$1.run(AutoSaveThread.java:106) ~[?:?]
	at org.bukkit.craftbukkit.v1_15_R1.scheduler.CraftTask.run(CraftTask.java:81) ~[spigot-1.15.2.jar:git-Spigot-a99063f-be6aaf0]
	at org.bukkit.craftbukkit.v1_15_R1.scheduler.CraftScheduler.mainThreadHeartbeat(CraftScheduler.java:400) [spigot-1.15.2.jar:git-Spigot-a99063f-be6aaf0]
	at net.minecraft.server.v1_15_R1.MinecraftServer.b(MinecraftServer.java:1036) [spigot-1.15.2.jar:git-Spigot-a99063f-be6aaf0]
	at net.minecraft.server.v1_15_R1.DedicatedServer.b(DedicatedServer.java:406) [spigot-1.15.2.jar:git-Spigot-a99063f-be6aaf0]
	at net.minecraft.server.v1_15_R1.MinecraftServer.a(MinecraftServer.java:984) [spigot-1.15.2.jar:git-Spigot-a99063f-be6aaf0]
	at net.minecraft.server.v1_15_R1.MinecraftServer.run(MinecraftServer.java:824) [spigot-1.15.2.jar:git-Spigot-a99063f-be6aaf0]
	at java.lang.Thread.run(Unknown Source) [?:1.8.0_261]
[15:41:20] [Server thread/INFO]: _bab0_ has made the advancement [We Need to Go Deeper]
[15:43:39] [Server thread/INFO]: _bab0_ has made the advancement [A Terrible Fortress]
[15:45:31] [Server thread/WARN]: [AutoSaveWorld] Task #14 for AutoSaveWorld v4.5 generated an exception
java.lang.NoSuchMethodError: org.bukkit.Server.getOnlinePlayers()[Lorg/bukkit/entity/Player;
	at autosave.AutoSaveThread.performSave(AutoSaveThread.java:136) ~[?:?]
	at autosave.AutoSaveThread$1.run(AutoSaveThread.java:106) ~[?:?]
	at org.bukkit.craftbukkit.v1_15_R1.scheduler.CraftTask.run(CraftTask.java:81) ~[spigot-1.15.2.jar:git-Spigot-a99063f-be6aaf0]
	at org.bukkit.craftbukkit.v1_15_R1.scheduler.CraftScheduler.mainThreadHeartbeat(CraftScheduler.java:400) [spigot-1.15.2.jar:git-Spigot-a99063f-be6aaf0]
	at net.minecraft.server.v1_15_R1.MinecraftServer.b(MinecraftServer.java:1036) [spigot-1.15.2.jar:git-Spigot-a99063f-be6aaf0]
	at net.minecraft.server.v1_15_R1.DedicatedServer.b(DedicatedServer.java:406) [spigot-1.15.2.jar:git-Spigot-a99063f-be6aaf0]
	at net.minecraft.server.v1_15_R1.MinecraftServer.a(MinecraftServer.java:984) [spigot-1.15.2.jar:git-Spigot-a99063f-be6aaf0]
	at net.minecraft.server.v1_15_R1.MinecraftServer.run(MinecraftServer.java:824) [spigot-1.15.2.jar:git-Spigot-a99063f-be6aaf0]
	at java.lang.Thread.run(Unknown Source) [?:1.8.0_261]
[15:49:13] [Server thread/INFO]: _bab0_ has made the advancement [A Seedy Place]
[15:49:44] [Server thread/INFO]: _bab0_ issued server command: /g
[15:49:47] [Server thread/INFO]: _bab0_ issued server command: /gamemode creative _bab0_
[15:49:47] [Server thread/INFO]: [_bab0_: Set own game mode to Creative Mode]
[15:49:52] [Server thread/INFO]: _bab0_ issued server command: /gamemode survival _bab0_
[15:49:52] [Server thread/INFO]: [_bab0_: Set own game mode to Survival Mode]
[15:50:31] [Server thread/WARN]: [AutoSaveWorld] Task #15 for AutoSaveWorld v4.5 generated an exception
java.lang.NoSuchMethodError: org.bukkit.Server.getOnlinePlayers()[Lorg/bukkit/entity/Player;
	at autosave.AutoSaveThread.performSave(AutoSaveThread.java:136) ~[?:?]
	at autosave.AutoSaveThread$1.run(AutoSaveThread.java:106) ~[?:?]
	at org.bukkit.craftbukkit.v1_15_R1.scheduler.CraftTask.run(CraftTask.java:81) ~[spigot-1.15.2.jar:git-Spigot-a99063f-be6aaf0]
	at org.bukkit.craftbukkit.v1_15_R1.scheduler.CraftScheduler.mainThreadHeartbeat(CraftScheduler.java:400) [spigot-1.15.2.jar:git-Spigot-a99063f-be6aaf0]
	at net.minecraft.server.v1_15_R1.MinecraftServer.b(MinecraftServer.java:1036) [spigot-1.15.2.jar:git-Spigot-a99063f-be6aaf0]
	at net.minecraft.server.v1_15_R1.DedicatedServer.b(DedicatedServer.java:406) [spigot-1.15.2.jar:git-Spigot-a99063f-be6aaf0]
	at net.minecraft.server.v1_15_R1.MinecraftServer.a(MinecraftServer.java:984) [spigot-1.15.2.jar:git-Spigot-a99063f-be6aaf0]
	at net.minecraft.server.v1_15_R1.MinecraftServer.run(MinecraftServer.java:824) [spigot-1.15.2.jar:git-Spigot-a99063f-be6aaf0]
	at java.lang.Thread.run(Unknown Source) [?:1.8.0_261]
[15:50:52] [Server thread/INFO]: dumbobo_ has made the advancement [Voluntary Exile]
[15:55:31] [Server thread/WARN]: [AutoSaveWorld] Task #16 for AutoSaveWorld v4.5 generated an exception
java.lang.NoSuchMethodError: org.bukkit.Server.getOnlinePlayers()[Lorg/bukkit/entity/Player;
	at autosave.AutoSaveThread.performSave(AutoSaveThread.java:136) ~[?:?]
	at autosave.AutoSaveThread$1.run(AutoSaveThread.java:106) ~[?:?]
	at org.bukkit.craftbukkit.v1_15_R1.scheduler.CraftTask.run(CraftTask.java:81) ~[spigot-1.15.2.jar:git-Spigot-a99063f-be6aaf0]
	at org.bukkit.craftbukkit.v1_15_R1.scheduler.CraftScheduler.mainThreadHeartbeat(CraftScheduler.java:400) [spigot-1.15.2.jar:git-Spigot-a99063f-be6aaf0]
	at net.minecraft.server.v1_15_R1.MinecraftServer.b(MinecraftServer.java:1036) [spigot-1.15.2.jar:git-Spigot-a99063f-be6aaf0]
	at net.minecraft.server.v1_15_R1.DedicatedServer.b(DedicatedServer.java:406) [spigot-1.15.2.jar:git-Spigot-a99063f-be6aaf0]
	at net.minecraft.server.v1_15_R1.MinecraftServer.a(MinecraftServer.java:984) [spigot-1.15.2.jar:git-Spigot-a99063f-be6aaf0]
	at net.minecraft.server.v1_15_R1.MinecraftServer.run(MinecraftServer.java:824) [spigot-1.15.2.jar:git-Spigot-a99063f-be6aaf0]
	at java.lang.Thread.run(Unknown Source) [?:1.8.0_261]
[15:58:55] [Server thread/INFO]: _bab0_ issued server command: /gamemode creative _bab0_
[15:58:55] [Server thread/INFO]: [_bab0_: Set own game mode to Creative Mode]
[15:59:25] [Server thread/INFO]: _bab0_ issued server command: /gamemode survival _bab0_
[15:59:25] [Server thread/INFO]: [_bab0_: Set own game mode to Survival Mode]
[16:00:19] [Server thread/INFO]: _bab0_ issued server command: /save-all
[16:00:21] [Server thread/INFO]: [_bab0_: Saved the game]
[16:00:32] [Server thread/WARN]: [AutoSaveWorld] Task #17 for AutoSaveWorld v4.5 generated an exception
java.lang.NoSuchMethodError: org.bukkit.Server.getOnlinePlayers()[Lorg/bukkit/entity/Player;
	at autosave.AutoSaveThread.performSave(AutoSaveThread.java:136) ~[?:?]
	at autosave.AutoSaveThread$1.run(AutoSaveThread.java:106) ~[?:?]
	at org.bukkit.craftbukkit.v1_15_R1.scheduler.CraftTask.run(CraftTask.java:81) ~[spigot-1.15.2.jar:git-Spigot-a99063f-be6aaf0]
	at org.bukkit.craftbukkit.v1_15_R1.scheduler.CraftScheduler.mainThreadHeartbeat(CraftScheduler.java:400) [spigot-1.15.2.jar:git-Spigot-a99063f-be6aaf0]
	at net.minecraft.server.v1_15_R1.MinecraftServer.b(MinecraftServer.java:1036) [spigot-1.15.2.jar:git-Spigot-a99063f-be6aaf0]
	at net.minecraft.server.v1_15_R1.DedicatedServer.b(DedicatedServer.java:406) [spigot-1.15.2.jar:git-Spigot-a99063f-be6aaf0]
	at net.minecraft.server.v1_15_R1.MinecraftServer.a(MinecraftServer.java:984) [spigot-1.15.2.jar:git-Spigot-a99063f-be6aaf0]
	at net.minecraft.server.v1_15_R1.MinecraftServer.run(MinecraftServer.java:824) [spigot-1.15.2.jar:git-Spigot-a99063f-be6aaf0]
	at java.lang.Thread.run(Unknown Source) [?:1.8.0_261]
[16:03:40] [Server thread/INFO]: _bab0_ issued server command: /gamemode creative _bab0_
[16:03:40] [Server thread/INFO]: [_bab0_: Set own game mode to Creative Mode]
[16:04:38] [Server thread/INFO]: dumbobo_ has made the advancement [Sweet Dreams]
[16:04:48] [Server thread/INFO]: _bab0_ issued server command: /gamemode survival _bab0_
[16:04:48] [Server thread/INFO]: [_bab0_: Set own game mode to Survival Mode]
[16:05:10] [Server thread/INFO]: _bab0_ issued server command: /gamemode creative _bab0_
[16:05:10] [Server thread/INFO]: [_bab0_: Set own game mode to Creative Mode]
[16:05:32] [Server thread/WARN]: [AutoSaveWorld] Task #18 for AutoSaveWorld v4.5 generated an exception
java.lang.NoSuchMethodError: org.bukkit.Server.getOnlinePlayers()[Lorg/bukkit/entity/Player;
	at autosave.AutoSaveThread.performSave(AutoSaveThread.java:136) ~[?:?]
	at autosave.AutoSaveThread$1.run(AutoSaveThread.java:106) ~[?:?]
	at org.bukkit.craftbukkit.v1_15_R1.scheduler.CraftTask.run(CraftTask.java:81) ~[spigot-1.15.2.jar:git-Spigot-a99063f-be6aaf0]
	at org.bukkit.craftbukkit.v1_15_R1.scheduler.CraftScheduler.mainThreadHeartbeat(CraftScheduler.java:400) [spigot-1.15.2.jar:git-Spigot-a99063f-be6aaf0]
	at net.minecraft.server.v1_15_R1.MinecraftServer.b(MinecraftServer.java:1036) [spigot-1.15.2.jar:git-Spigot-a99063f-be6aaf0]
	at net.minecraft.server.v1_15_R1.DedicatedServer.b(DedicatedServer.java:406) [spigot-1.15.2.jar:git-Spigot-a99063f-be6aaf0]
	at net.minecraft.server.v1_15_R1.MinecraftServer.a(MinecraftServer.java:984) [spigot-1.15.2.jar:git-Spigot-a99063f-be6aaf0]
	at net.minecraft.server.v1_15_R1.MinecraftServer.run(MinecraftServer.java:824) [spigot-1.15.2.jar:git-Spigot-a99063f-be6aaf0]
	at java.lang.Thread.run(Unknown Source) [?:1.8.0_261]
[16:05:49] [Server thread/INFO]: _bab0_ issued server command: /gamemode survival _bab0_
[16:05:49] [Server thread/INFO]: [_bab0_: Set own game mode to Survival Mode]
[16:06:16] [Server thread/INFO]: _bab0_ issued server command: /gamemode creative _bab0_
[16:06:16] [Server thread/INFO]: [_bab0_: Set own game mode to Creative Mode]
[16:06:36] [Server thread/INFO]: _bab0_ issued server command: /gamemode survival _bab0_
[16:06:36] [Server thread/INFO]: [_bab0_: Set own game mode to Survival Mode]
[16:06:47] [Server thread/INFO]: _bab0_ issued server command: /gamemode creative _bab0_
[16:06:47] [Server thread/INFO]: [_bab0_: Set own game mode to Creative Mode]
[16:07:37] [Server thread/INFO]: ezJun fell from a high place
[16:07:46] [Server thread/INFO]: _bab0_ issued server command: /tp spawn
[16:07:48] [Async Chat Thread - #0/INFO]: <_bab0_> inc[m
[16:08:34] [Server thread/INFO]: _bab0_ has made the advancement [Into Fire]
[16:10:04] [Server thread/INFO]: _bab0_ issued server command: /gamerule keepInventory true
[16:10:04] [Server thread/INFO]: [_bab0_: Gamerule keepInventory is now set to: true]
[16:10:10] [Server thread/INFO]: _bab0_ issued server command: /kill _bab0_
[16:10:10] [Server thread/INFO]: _bab0_ fell out of the world
[16:10:10] [Server thread/INFO]: [_bab0_: Killed _bab0_]
[16:10:17] [Server thread/INFO]: _bab0_ issued server command: /gamerule keepInventory false
[16:10:17] [Server thread/INFO]: [_bab0_: Gamerule keepInventory is now set to: false]
[16:10:22] [Server thread/INFO]: _bab0_ issued server command: /gamemode survival _bab0_
[16:10:22] [Server thread/INFO]: [_bab0_: Set own game mode to Survival Mode]
[16:10:32] [Server thread/INFO]: _bab0_ issued server command: /deop _bab0_\
[16:10:34] [Server thread/WARN]: [AutoSaveWorld] Task #19 for AutoSaveWorld v4.5 generated an exception
java.lang.NoSuchMethodError: org.bukkit.Server.getOnlinePlayers()[Lorg/bukkit/entity/Player;
	at autosave.AutoSaveThread.performSave(AutoSaveThread.java:136) ~[?:?]
	at autosave.AutoSaveThread$1.run(AutoSaveThread.java:106) ~[?:?]
	at org.bukkit.craftbukkit.v1_15_R1.scheduler.CraftTask.run(CraftTask.java:81) ~[spigot-1.15.2.jar:git-Spigot-a99063f-be6aaf0]
	at org.bukkit.craftbukkit.v1_15_R1.scheduler.CraftScheduler.mainThreadHeartbeat(CraftScheduler.java:400) [spigot-1.15.2.jar:git-Spigot-a99063f-be6aaf0]
	at net.minecraft.server.v1_15_R1.MinecraftServer.b(MinecraftServer.java:1036) [spigot-1.15.2.jar:git-Spigot-a99063f-be6aaf0]
	at net.minecraft.server.v1_15_R1.DedicatedServer.b(DedicatedServer.java:406) [spigot-1.15.2.jar:git-Spigot-a99063f-be6aaf0]
	at net.minecraft.server.v1_15_R1.MinecraftServer.a(MinecraftServer.java:984) [spigot-1.15.2.jar:git-Spigot-a99063f-be6aaf0]
	at net.minecraft.server.v1_15_R1.MinecraftServer.run(MinecraftServer.java:824) [spigot-1.15.2.jar:git-Spigot-a99063f-be6aaf0]
	at java.lang.Thread.run(Unknown Source) [?:1.8.0_261]
[16:10:34] [Server thread/WARN]: dumbobo_ moved too quickly! -9.752539446137916,1.8322033533667508,1.714571953961979
[16:10:36] [Server thread/WARN]: dumbobo_ moved too quickly! -5.579027931693815,-0.6088795010871237,8.586936958546971
[16:10:39] [Server thread/INFO]: _bab0_ issued server command: /deop _bab0_
[16:10:39] [Server thread/INFO]: [_bab0_: Made _bab0_ no longer a server operator]
[16:14:51] [Server thread/INFO]: Made _bab0_ a server operator
[16:15:10] [Server thread/INFO]: _bab0_ issued server command: /gamemode creative _bab0_
[16:15:10] [Server thread/INFO]: [_bab0_: Set own game mode to Creative Mode]
[16:15:29] [Server thread/INFO]: _bab0_ issued server command: /gamemode survival _bab0_
[16:15:29] [Server thread/INFO]: [_bab0_: Set own game mode to Survival Mode]
[16:15:33] [Server thread/WARN]: [AutoSaveWorld] Task #20 for AutoSaveWorld v4.5 generated an exception
java.lang.NoSuchMethodError: org.bukkit.Server.getOnlinePlayers()[Lorg/bukkit/entity/Player;
	at autosave.AutoSaveThread.performSave(AutoSaveThread.java:136) ~[?:?]
	at autosave.AutoSaveThread$1.run(AutoSaveThread.java:106) ~[?:?]
	at org.bukkit.craftbukkit.v1_15_R1.scheduler.CraftTask.run(CraftTask.java:81) ~[spigot-1.15.2.jar:git-Spigot-a99063f-be6aaf0]
	at org.bukkit.craftbukkit.v1_15_R1.scheduler.CraftScheduler.mainThreadHeartbeat(CraftScheduler.java:400) [spigot-1.15.2.jar:git-Spigot-a99063f-be6aaf0]
	at net.minecraft.server.v1_15_R1.MinecraftServer.b(MinecraftServer.java:1036) [spigot-1.15.2.jar:git-Spigot-a99063f-be6aaf0]
	at net.minecraft.server.v1_15_R1.DedicatedServer.b(DedicatedServer.java:406) [spigot-1.15.2.jar:git-Spigot-a99063f-be6aaf0]
	at net.minecraft.server.v1_15_R1.MinecraftServer.a(MinecraftServer.java:984) [spigot-1.15.2.jar:git-Spigot-a99063f-be6aaf0]
	at net.minecraft.server.v1_15_R1.MinecraftServer.run(MinecraftServer.java:824) [spigot-1.15.2.jar:git-Spigot-a99063f-be6aaf0]
	at java.lang.Thread.run(Unknown Source) [?:1.8.0_261]
[16:20:33] [Server thread/WARN]: [AutoSaveWorld] Task #21 for AutoSaveWorld v4.5 generated an exception
java.lang.NoSuchMethodError: org.bukkit.Server.getOnlinePlayers()[Lorg/bukkit/entity/Player;
	at autosave.AutoSaveThread.performSave(AutoSaveThread.java:136) ~[?:?]
	at autosave.AutoSaveThread$1.run(AutoSaveThread.java:106) ~[?:?]
	at org.bukkit.craftbukkit.v1_15_R1.scheduler.CraftTask.run(CraftTask.java:81) ~[spigot-1.15.2.jar:git-Spigot-a99063f-be6aaf0]
	at org.bukkit.craftbukkit.v1_15_R1.scheduler.CraftScheduler.mainThreadHeartbeat(CraftScheduler.java:400) [spigot-1.15.2.jar:git-Spigot-a99063f-be6aaf0]
	at net.minecraft.server.v1_15_R1.MinecraftServer.b(MinecraftServer.java:1036) [spigot-1.15.2.jar:git-Spigot-a99063f-be6aaf0]
	at net.minecraft.server.v1_15_R1.DedicatedServer.b(DedicatedServer.java:406) [spigot-1.15.2.jar:git-Spigot-a99063f-be6aaf0]
	at net.minecraft.server.v1_15_R1.MinecraftServer.a(MinecraftServer.java:984) [spigot-1.15.2.jar:git-Spigot-a99063f-be6aaf0]
	at net.minecraft.server.v1_15_R1.MinecraftServer.run(MinecraftServer.java:824) [spigot-1.15.2.jar:git-Spigot-a99063f-be6aaf0]
	at java.lang.Thread.run(Unknown Source) [?:1.8.0_261]
[16:20:37] [Server thread/INFO]: _bab0_ issued server command: /locate Village
[16:23:44] [Server thread/INFO]: ezJun lost connection: Disconnected
[16:23:44] [Server thread/ERROR]: Could not pass event PlayerQuitEvent to AutoSaveWorld v4.5
org.bukkit.event.EventException: null
	at org.bukkit.plugin.java.JavaPluginLoader$1.execute(JavaPluginLoader.java:319) ~[spigot-1.15.2.jar:git-Spigot-a99063f-be6aaf0]
	at org.bukkit.plugin.RegisteredListener.callEvent(RegisteredListener.java:70) ~[spigot-1.15.2.jar:git-Spigot-a99063f-be6aaf0]
	at org.bukkit.plugin.SimplePluginManager.fireEvent(SimplePluginManager.java:589) [spigot-1.15.2.jar:git-Spigot-a99063f-be6aaf0]
	at org.bukkit.plugin.SimplePluginManager.callEvent(SimplePluginManager.java:576) [spigot-1.15.2.jar:git-Spigot-a99063f-be6aaf0]
	at net.minecraft.server.v1_15_R1.PlayerList.disconnect(PlayerList.java:387) [spigot-1.15.2.jar:git-Spigot-a99063f-be6aaf0]
	at net.minecraft.server.v1_15_R1.PlayerConnection.a(PlayerConnection.java:1371) [spigot-1.15.2.jar:git-Spigot-a99063f-be6aaf0]
	at net.minecraft.server.v1_15_R1.NetworkManager.handleDisconnection(NetworkManager.java:320) [spigot-1.15.2.jar:git-Spigot-a99063f-be6aaf0]
	at net.minecraft.server.v1_15_R1.ServerConnection.c(ServerConnection.java:153) [spigot-1.15.2.jar:git-Spigot-a99063f-be6aaf0]
	at net.minecraft.server.v1_15_R1.MinecraftServer.b(MinecraftServer.java:1105) [spigot-1.15.2.jar:git-Spigot-a99063f-be6aaf0]
	at net.minecraft.server.v1_15_R1.DedicatedServer.b(DedicatedServer.java:406) [spigot-1.15.2.jar:git-Spigot-a99063f-be6aaf0]
	at net.minecraft.server.v1_15_R1.MinecraftServer.a(MinecraftServer.java:984) [spigot-1.15.2.jar:git-Spigot-a99063f-be6aaf0]
	at net.minecraft.server.v1_15_R1.MinecraftServer.run(MinecraftServer.java:824) [spigot-1.15.2.jar:git-Spigot-a99063f-be6aaf0]
	at java.lang.Thread.run(Unknown Source) [?:1.8.0_261]
Caused by: java.lang.NoSuchMethodError: org.bukkit.Server.getOnlinePlayers()[Lorg/bukkit/entity/Player;
	at autosave.ASWEventListener.onPlayerQuit(ASWEventListener.java:53) ~[?:?]
	at sun.reflect.NativeMethodAccessorImpl.invoke0(Native Method) ~[?:1.8.0_261]
	at sun.reflect.NativeMethodAccessorImpl.invoke(Unknown Source) ~[?:1.8.0_261]
	at sun.reflect.DelegatingMethodAccessorImpl.invoke(Unknown Source) ~[?:1.8.0_261]
	at java.lang.reflect.Method.invoke(Unknown Source) ~[?:1.8.0_261]
	at org.bukkit.plugin.java.JavaPluginLoader$1.execute(JavaPluginLoader.java:315) ~[spigot-1.15.2.jar:git-Spigot-a99063f-be6aaf0]
	... 12 more
[16:23:44] [Server thread/INFO]: ezJun left the game
[16:24:42] [Server thread/INFO]: 0NEYE was slain by Zombie
[16:25:01] [Async Chat Thread - #1/INFO]: <_bab0_> [m
[16:25:03] [Async Chat Thread - #1/INFO]: <_bab0_>  [m
[16:25:33] [Server thread/WARN]: [AutoSaveWorld] Task #22 for AutoSaveWorld v4.5 generated an exception
java.lang.NoSuchMethodError: org.bukkit.Server.getOnlinePlayers()[Lorg/bukkit/entity/Player;
	at autosave.AutoSaveThread.performSave(AutoSaveThread.java:136) ~[?:?]
	at autosave.AutoSaveThread$1.run(AutoSaveThread.java:106) ~[?:?]
	at org.bukkit.craftbukkit.v1_15_R1.scheduler.CraftTask.run(CraftTask.java:81) ~[spigot-1.15.2.jar:git-Spigot-a99063f-be6aaf0]
	at org.bukkit.craftbukkit.v1_15_R1.scheduler.CraftScheduler.mainThreadHeartbeat(CraftScheduler.java:400) [spigot-1.15.2.jar:git-Spigot-a99063f-be6aaf0]
	at net.minecraft.server.v1_15_R1.MinecraftServer.b(MinecraftServer.java:1036) [spigot-1.15.2.jar:git-Spigot-a99063f-be6aaf0]
	at net.minecraft.server.v1_15_R1.DedicatedServer.b(DedicatedServer.java:406) [spigot-1.15.2.jar:git-Spigot-a99063f-be6aaf0]
	at net.minecraft.server.v1_15_R1.MinecraftServer.a(MinecraftServer.java:984) [spigot-1.15.2.jar:git-Spigot-a99063f-be6aaf0]
	at net.minecraft.server.v1_15_R1.MinecraftServer.run(MinecraftServer.java:824) [spigot-1.15.2.jar:git-Spigot-a99063f-be6aaf0]
	at java.lang.Thread.run(Unknown Source) [?:1.8.0_261]
[16:26:16] [Server thread/INFO]: _bab0_ issued server command: /tp 0NEYE _bab0_
[16:26:16] [Server thread/INFO]: [_bab0_: Teleported 0NEYE to _bab0_]
[16:26:45] [Server thread/INFO]: 0NEYE lost connection: Disconnected
[16:26:45] [Server thread/ERROR]: Could not pass event PlayerQuitEvent to AutoSaveWorld v4.5
org.bukkit.event.EventException: null
	at org.bukkit.plugin.java.JavaPluginLoader$1.execute(JavaPluginLoader.java:319) ~[spigot-1.15.2.jar:git-Spigot-a99063f-be6aaf0]
	at org.bukkit.plugin.RegisteredListener.callEvent(RegisteredListener.java:70) ~[spigot-1.15.2.jar:git-Spigot-a99063f-be6aaf0]
	at org.bukkit.plugin.SimplePluginManager.fireEvent(SimplePluginManager.java:589) [spigot-1.15.2.jar:git-Spigot-a99063f-be6aaf0]
	at org.bukkit.plugin.SimplePluginManager.callEvent(SimplePluginManager.java:576) [spigot-1.15.2.jar:git-Spigot-a99063f-be6aaf0]
	at net.minecraft.server.v1_15_R1.PlayerList.disconnect(PlayerList.java:387) [spigot-1.15.2.jar:git-Spigot-a99063f-be6aaf0]
	at net.minecraft.server.v1_15_R1.PlayerConnection.a(PlayerConnection.java:1371) [spigot-1.15.2.jar:git-Spigot-a99063f-be6aaf0]
	at net.minecraft.server.v1_15_R1.NetworkManager.handleDisconnection(NetworkManager.java:320) [spigot-1.15.2.jar:git-Spigot-a99063f-be6aaf0]
	at net.minecraft.server.v1_15_R1.ServerConnection.c(ServerConnection.java:153) [spigot-1.15.2.jar:git-Spigot-a99063f-be6aaf0]
	at net.minecraft.server.v1_15_R1.MinecraftServer.b(MinecraftServer.java:1105) [spigot-1.15.2.jar:git-Spigot-a99063f-be6aaf0]
	at net.minecraft.server.v1_15_R1.DedicatedServer.b(DedicatedServer.java:406) [spigot-1.15.2.jar:git-Spigot-a99063f-be6aaf0]
	at net.minecraft.server.v1_15_R1.MinecraftServer.a(MinecraftServer.java:984) [spigot-1.15.2.jar:git-Spigot-a99063f-be6aaf0]
	at net.minecraft.server.v1_15_R1.MinecraftServer.run(MinecraftServer.java:824) [spigot-1.15.2.jar:git-Spigot-a99063f-be6aaf0]
	at java.lang.Thread.run(Unknown Source) [?:1.8.0_261]
Caused by: java.lang.NoSuchMethodError: org.bukkit.Server.getOnlinePlayers()[Lorg/bukkit/entity/Player;
	at autosave.ASWEventListener.onPlayerQuit(ASWEventListener.java:53) ~[?:?]
	at sun.reflect.NativeMethodAccessorImpl.invoke0(Native Method) ~[?:1.8.0_261]
	at sun.reflect.NativeMethodAccessorImpl.invoke(Unknown Source) ~[?:1.8.0_261]
	at sun.reflect.DelegatingMethodAccessorImpl.invoke(Unknown Source) ~[?:1.8.0_261]
	at java.lang.reflect.Method.invoke(Unknown Source) ~[?:1.8.0_261]
	at org.bukkit.plugin.java.JavaPluginLoader$1.execute(JavaPluginLoader.java:315) ~[spigot-1.15.2.jar:git-Spigot-a99063f-be6aaf0]
	... 12 more
[16:26:45] [Server thread/INFO]: 0NEYE left the game
[16:28:06] [Server thread/WARN]: dumbobo_ moved wrongly!
[16:29:13] [Server thread/INFO]: dumbobo_ lost connection: Disconnected
[16:29:13] [Server thread/ERROR]: Could not pass event PlayerQuitEvent to AutoSaveWorld v4.5
org.bukkit.event.EventException: null
	at org.bukkit.plugin.java.JavaPluginLoader$1.execute(JavaPluginLoader.java:319) ~[spigot-1.15.2.jar:git-Spigot-a99063f-be6aaf0]
	at org.bukkit.plugin.RegisteredListener.callEvent(RegisteredListener.java:70) ~[spigot-1.15.2.jar:git-Spigot-a99063f-be6aaf0]
	at org.bukkit.plugin.SimplePluginManager.fireEvent(SimplePluginManager.java:589) [spigot-1.15.2.jar:git-Spigot-a99063f-be6aaf0]
	at org.bukkit.plugin.SimplePluginManager.callEvent(SimplePluginManager.java:576) [spigot-1.15.2.jar:git-Spigot-a99063f-be6aaf0]
	at net.minecraft.server.v1_15_R1.PlayerList.disconnect(PlayerList.java:387) [spigot-1.15.2.jar:git-Spigot-a99063f-be6aaf0]
	at net.minecraft.server.v1_15_R1.PlayerConnection.a(PlayerConnection.java:1371) [spigot-1.15.2.jar:git-Spigot-a99063f-be6aaf0]
	at net.minecraft.server.v1_15_R1.NetworkManager.handleDisconnection(NetworkManager.java:320) [spigot-1.15.2.jar:git-Spigot-a99063f-be6aaf0]
	at net.minecraft.server.v1_15_R1.ServerConnection.c(ServerConnection.java:153) [spigot-1.15.2.jar:git-Spigot-a99063f-be6aaf0]
	at net.minecraft.server.v1_15_R1.MinecraftServer.b(MinecraftServer.java:1105) [spigot-1.15.2.jar:git-Spigot-a99063f-be6aaf0]
	at net.minecraft.server.v1_15_R1.DedicatedServer.b(DedicatedServer.java:406) [spigot-1.15.2.jar:git-Spigot-a99063f-be6aaf0]
	at net.minecraft.server.v1_15_R1.MinecraftServer.a(MinecraftServer.java:984) [spigot-1.15.2.jar:git-Spigot-a99063f-be6aaf0]
	at net.minecraft.server.v1_15_R1.MinecraftServer.run(MinecraftServer.java:824) [spigot-1.15.2.jar:git-Spigot-a99063f-be6aaf0]
	at java.lang.Thread.run(Unknown Source) [?:1.8.0_261]
Caused by: java.lang.NoSuchMethodError: org.bukkit.Server.getOnlinePlayers()[Lorg/bukkit/entity/Player;
	at autosave.ASWEventListener.onPlayerQuit(ASWEventListener.java:53) ~[?:?]
	at sun.reflect.NativeMethodAccessorImpl.invoke0(Native Method) ~[?:1.8.0_261]
	at sun.reflect.NativeMethodAccessorImpl.invoke(Unknown Source) ~[?:1.8.0_261]
	at sun.reflect.DelegatingMethodAccessorImpl.invoke(Unknown Source) ~[?:1.8.0_261]
	at java.lang.reflect.Method.invoke(Unknown Source) ~[?:1.8.0_261]
	at org.bukkit.plugin.java.JavaPluginLoader$1.execute(JavaPluginLoader.java:315) ~[spigot-1.15.2.jar:git-Spigot-a99063f-be6aaf0]
	... 12 more
[16:29:13] [Server thread/INFO]: dumbobo_ left the game
[16:30:30] [Server thread/INFO]: _bab0_ issued server command: /save-all
[16:30:31] [Server thread/INFO]: [_bab0_: Saved the game]
[16:30:33] [Server thread/WARN]: [AutoSaveWorld] Task #23 for AutoSaveWorld v4.5 generated an exception
java.lang.NoSuchMethodError: org.bukkit.Server.getOnlinePlayers()[Lorg/bukkit/entity/Player;
	at autosave.AutoSaveThread.performSave(AutoSaveThread.java:136) ~[?:?]
	at autosave.AutoSaveThread$1.run(AutoSaveThread.java:106) ~[?:?]
	at org.bukkit.craftbukkit.v1_15_R1.scheduler.CraftTask.run(CraftTask.java:81) ~[spigot-1.15.2.jar:git-Spigot-a99063f-be6aaf0]
	at org.bukkit.craftbukkit.v1_15_R1.scheduler.CraftScheduler.mainThreadHeartbeat(CraftScheduler.java:400) [spigot-1.15.2.jar:git-Spigot-a99063f-be6aaf0]
	at net.minecraft.server.v1_15_R1.MinecraftServer.b(MinecraftServer.java:1036) [spigot-1.15.2.jar:git-Spigot-a99063f-be6aaf0]
	at net.minecraft.server.v1_15_R1.DedicatedServer.b(DedicatedServer.java:406) [spigot-1.15.2.jar:git-Spigot-a99063f-be6aaf0]
	at net.minecraft.server.v1_15_R1.MinecraftServer.a(MinecraftServer.java:984) [spigot-1.15.2.jar:git-Spigot-a99063f-be6aaf0]
	at net.minecraft.server.v1_15_R1.MinecraftServer.run(MinecraftServer.java:824) [spigot-1.15.2.jar:git-Spigot-a99063f-be6aaf0]
	at java.lang.Thread.run(Unknown Source) [?:1.8.0_261]
[16:30:42] [Server thread/INFO]: _bab0_ lost connection: Disconnected
[16:30:42] [Server thread/ERROR]: Could not pass event PlayerQuitEvent to AutoSaveWorld v4.5
org.bukkit.event.EventException: null
	at org.bukkit.plugin.java.JavaPluginLoader$1.execute(JavaPluginLoader.java:319) ~[spigot-1.15.2.jar:git-Spigot-a99063f-be6aaf0]
	at org.bukkit.plugin.RegisteredListener.callEvent(RegisteredListener.java:70) ~[spigot-1.15.2.jar:git-Spigot-a99063f-be6aaf0]
	at org.bukkit.plugin.SimplePluginManager.fireEvent(SimplePluginManager.java:589) [spigot-1.15.2.jar:git-Spigot-a99063f-be6aaf0]
	at org.bukkit.plugin.SimplePluginManager.callEvent(SimplePluginManager.java:576) [spigot-1.15.2.jar:git-Spigot-a99063f-be6aaf0]
	at net.minecraft.server.v1_15_R1.PlayerList.disconnect(PlayerList.java:387) [spigot-1.15.2.jar:git-Spigot-a99063f-be6aaf0]
	at net.minecraft.server.v1_15_R1.PlayerConnection.a(PlayerConnection.java:1371) [spigot-1.15.2.jar:git-Spigot-a99063f-be6aaf0]
	at net.minecraft.server.v1_15_R1.NetworkManager.handleDisconnection(NetworkManager.java:320) [spigot-1.15.2.jar:git-Spigot-a99063f-be6aaf0]
	at net.minecraft.server.v1_15_R1.ServerConnection.c(ServerConnection.java:153) [spigot-1.15.2.jar:git-Spigot-a99063f-be6aaf0]
	at net.minecraft.server.v1_15_R1.MinecraftServer.b(MinecraftServer.java:1105) [spigot-1.15.2.jar:git-Spigot-a99063f-be6aaf0]
	at net.minecraft.server.v1_15_R1.DedicatedServer.b(DedicatedServer.java:406) [spigot-1.15.2.jar:git-Spigot-a99063f-be6aaf0]
	at net.minecraft.server.v1_15_R1.MinecraftServer.a(MinecraftServer.java:984) [spigot-1.15.2.jar:git-Spigot-a99063f-be6aaf0]
	at net.minecraft.server.v1_15_R1.MinecraftServer.run(MinecraftServer.java:824) [spigot-1.15.2.jar:git-Spigot-a99063f-be6aaf0]
	at java.lang.Thread.run(Unknown Source) [?:1.8.0_261]
Caused by: java.lang.NoSuchMethodError: org.bukkit.Server.getOnlinePlayers()[Lorg/bukkit/entity/Player;
	at autosave.ASWEventListener.onPlayerQuit(ASWEventListener.java:53) ~[?:?]
	at sun.reflect.NativeMethodAccessorImpl.invoke0(Native Method) ~[?:1.8.0_261]
	at sun.reflect.NativeMethodAccessorImpl.invoke(Unknown Source) ~[?:1.8.0_261]
	at sun.reflect.DelegatingMethodAccessorImpl.invoke(Unknown Source) ~[?:1.8.0_261]
	at java.lang.reflect.Method.invoke(Unknown Source) ~[?:1.8.0_261]
	at org.bukkit.plugin.java.JavaPluginLoader$1.execute(JavaPluginLoader.java:315) ~[spigot-1.15.2.jar:git-Spigot-a99063f-be6aaf0]
	... 12 more
[16:30:42] [Server thread/INFO]: _bab0_ left the game
